INFO [2025-04-15 11:46:49] $x
INFO [2025-04-15 11:46:49] gene_lists
INFO [2025-04-15 11:46:49] 
INFO [2025-04-15 11:46:49] $category.names
INFO [2025-04-15 11:46:49] c("KO22 Upregulated", "KO22 Downregulated", "KO23 Upregulated", 
INFO [2025-04-15 11:46:49]     "KO23 Downregulated")
INFO [2025-04-15 11:46:49] 
INFO [2025-04-15 11:46:49] $filename
INFO [2025-04-15 11:46:49] NULL
INFO [2025-04-15 11:46:49] 
INFO [2025-04-15 11:46:49] $imagetype
INFO [2025-04-15 11:46:49] [1] "jpg"
INFO [2025-04-15 11:46:49] 
INFO [2025-04-15 11:46:49] $height
INFO [2025-04-15 11:46:49] [1] 750
INFO [2025-04-15 11:46:49] 
INFO [2025-04-15 11:46:49] $width
INFO [2025-04-15 11:46:49] [1] 750
INFO [2025-04-15 11:46:49] 
INFO [2025-04-15 11:46:49] $resolution
INFO [2025-04-15 11:46:49] [1] 300
INFO [2025-04-15 11:46:49] 
INFO [2025-04-15 11:46:49] $compression
INFO [2025-04-15 11:46:49] [1] "lzw"
INFO [2025-04-15 11:46:49] 
INFO [2025-04-15 11:46:49] $lwd
INFO [2025-04-15 11:46:49] [1] 2
INFO [2025-04-15 11:46:49] 
INFO [2025-04-15 11:46:49] $col
INFO [2025-04-15 11:46:49] [1] "transparent"
INFO [2025-04-15 11:46:49] 
INFO [2025-04-15 11:46:49] $fill
INFO [2025-04-15 11:46:49] c("#F8766D", "#00BA38", "#619CFF", "purple4")
INFO [2025-04-15 11:46:49] 
INFO [2025-04-15 11:46:49] $alpha
INFO [2025-04-15 11:46:49] [1] 0.5
INFO [2025-04-15 11:46:49] 
INFO [2025-04-15 11:46:49] $label.col
INFO [2025-04-15 11:46:49] [1] "darkblue"
INFO [2025-04-15 11:46:49] 
INFO [2025-04-15 11:46:49] $cex
INFO [2025-04-15 11:46:49] [1] 2
INFO [2025-04-15 11:46:49] 
INFO [2025-04-15 11:46:49] $fontfamily
INFO [2025-04-15 11:46:49] [1] "Arial"
INFO [2025-04-15 11:46:49] 
INFO [2025-04-15 11:46:49] $fontface
INFO [2025-04-15 11:46:49] [1] "bold"
INFO [2025-04-15 11:46:49] 
INFO [2025-04-15 11:46:49] $cat.col
INFO [2025-04-15 11:46:49] c("darkred", "darkgreen", "darkblue", "purple4")
INFO [2025-04-15 11:46:49] 
INFO [2025-04-15 11:46:49] $cat.cex
INFO [2025-04-15 11:46:49] [1] 1.3
INFO [2025-04-15 11:46:49] 
INFO [2025-04-15 11:46:49] $cat.fontfamily
INFO [2025-04-15 11:46:49] [1] "Arial"
INFO [2025-04-15 11:46:49] 
INFO [2025-04-15 11:46:49] $cat.default.pos
INFO [2025-04-15 11:46:49] [1] "outer"
INFO [2025-04-15 11:46:49] 
INFO [2025-04-15 11:46:49] $cat.pos
INFO [2025-04-15 11:46:49] c(-40, 40, -30, 30)
INFO [2025-04-15 11:46:49] 
INFO [2025-04-15 11:46:49] $cat.dist
INFO [2025-04-15 11:46:49] c(0.3, 0.3, 0.2, 0.2)
INFO [2025-04-15 11:46:49] 
INFO [2025-04-15 11:46:49] $cat.fontface
INFO [2025-04-15 11:46:49] [1] "bold"
INFO [2025-04-15 11:46:49] 
INFO [2025-04-15 11:46:49] $rotation.degree
INFO [2025-04-15 11:46:49] [1] 0
INFO [2025-04-15 11:46:49] 
INFO [2025-04-15 11:46:49] $margin
INFO [2025-04-15 11:46:49] [1] 0.2
INFO [2025-04-15 11:46:49] 
