INFO [2025-04-10 11:14:43] $x
INFO [2025-04-10 11:14:43] gene_lists
INFO [2025-04-10 11:14:43] 
INFO [2025-04-10 11:14:43] $category.names
INFO [2025-04-10 11:14:43] c("FIH KO 1Up Regulated", "FIH KO 1Down Regulated", "FIH KO 2Up Regulated", 
INFO [2025-04-10 11:14:43]     "FIH KO 2Down Regulated")
INFO [2025-04-10 11:14:43] 
INFO [2025-04-10 11:14:43] $filename
INFO [2025-04-10 11:14:43] NULL
INFO [2025-04-10 11:14:43] 
INFO [2025-04-10 11:14:43] $imagetype
INFO [2025-04-10 11:14:43] [1] "png"
INFO [2025-04-10 11:14:43] 
INFO [2025-04-10 11:14:43] $height
INFO [2025-04-10 11:14:43] [1] 750
INFO [2025-04-10 11:14:43] 
INFO [2025-04-10 11:14:43] $width
INFO [2025-04-10 11:14:43] [1] 750
INFO [2025-04-10 11:14:43] 
INFO [2025-04-10 11:14:43] $resolution
INFO [2025-04-10 11:14:43] [1] 300
INFO [2025-04-10 11:14:43] 
INFO [2025-04-10 11:14:43] $compression
INFO [2025-04-10 11:14:43] [1] "lzw"
INFO [2025-04-10 11:14:43] 
INFO [2025-04-10 11:14:43] $lwd
INFO [2025-04-10 11:14:43] [1] 2
INFO [2025-04-10 11:14:43] 
INFO [2025-04-10 11:14:43] $col
INFO [2025-04-10 11:14:43] [1] "transparent"
INFO [2025-04-10 11:14:43] 
INFO [2025-04-10 11:14:43] $fill
INFO [2025-04-10 11:14:43] c("#F8766D", "#00BA38", "#619CFF", "purple4")
INFO [2025-04-10 11:14:43] 
INFO [2025-04-10 11:14:43] $alpha
INFO [2025-04-10 11:14:43] [1] 0.5
INFO [2025-04-10 11:14:43] 
INFO [2025-04-10 11:14:43] $label.col
INFO [2025-04-10 11:14:43] [1] "darkblue"
INFO [2025-04-10 11:14:43] 
INFO [2025-04-10 11:14:43] $cex
INFO [2025-04-10 11:14:43] [1] 2
INFO [2025-04-10 11:14:43] 
INFO [2025-04-10 11:14:43] $fontfamily
INFO [2025-04-10 11:14:43] [1] "serif"
INFO [2025-04-10 11:14:43] 
INFO [2025-04-10 11:14:43] $fontface
INFO [2025-04-10 11:14:43] [1] "bold"
INFO [2025-04-10 11:14:43] 
INFO [2025-04-10 11:14:43] $cat.col
INFO [2025-04-10 11:14:43] c("darkred", "darkgreen", "darkblue", "purple4")
INFO [2025-04-10 11:14:43] 
INFO [2025-04-10 11:14:43] $cat.cex
INFO [2025-04-10 11:14:43] [1] 1.3
INFO [2025-04-10 11:14:43] 
INFO [2025-04-10 11:14:43] $cat.fontfamily
INFO [2025-04-10 11:14:43] [1] "serif"
INFO [2025-04-10 11:14:43] 
INFO [2025-04-10 11:14:43] $cat.default.pos
INFO [2025-04-10 11:14:43] [1] "outer"
INFO [2025-04-10 11:14:43] 
INFO [2025-04-10 11:14:43] $cat.pos
INFO [2025-04-10 11:14:43] c(-40, 40, -30, 30)
INFO [2025-04-10 11:14:43] 
INFO [2025-04-10 11:14:43] $cat.dist
INFO [2025-04-10 11:14:43] c(0.3, 0.3, 0.2, 0.2)
INFO [2025-04-10 11:14:43] 
INFO [2025-04-10 11:14:43] $cat.fontface
INFO [2025-04-10 11:14:43] [1] "bold"
INFO [2025-04-10 11:14:43] 
INFO [2025-04-10 11:14:43] $rotation.degree
INFO [2025-04-10 11:14:43] [1] 0
INFO [2025-04-10 11:14:43] 
INFO [2025-04-10 11:14:43] $margin
INFO [2025-04-10 11:14:43] [1] 0.2
INFO [2025-04-10 11:14:43] 
