INFO [2025-04-02 13:56:20] $x
INFO [2025-04-02 13:56:20] gene_lists
INFO [2025-04-02 13:56:20] 
INFO [2025-04-02 13:56:20] $category.names
INFO [2025-04-02 13:56:20] c("FIH KO 1Up Regulated", "FIH KO 1Down Regulated", "FIH KO 2Up Regulated", 
INFO [2025-04-02 13:56:20]     "FIH KO 2Down Regulated")
INFO [2025-04-02 13:56:20] 
INFO [2025-04-02 13:56:20] $filename
INFO [2025-04-02 13:56:20] NULL
INFO [2025-04-02 13:56:20] 
INFO [2025-04-02 13:56:20] $imagetype
INFO [2025-04-02 13:56:20] [1] "png"
INFO [2025-04-02 13:56:20] 
INFO [2025-04-02 13:56:20] $height
INFO [2025-04-02 13:56:20] [1] 750
INFO [2025-04-02 13:56:20] 
INFO [2025-04-02 13:56:20] $width
INFO [2025-04-02 13:56:20] [1] 750
INFO [2025-04-02 13:56:20] 
INFO [2025-04-02 13:56:20] $resolution
INFO [2025-04-02 13:56:20] [1] 300
INFO [2025-04-02 13:56:20] 
INFO [2025-04-02 13:56:20] $compression
INFO [2025-04-02 13:56:20] [1] "lzw"
INFO [2025-04-02 13:56:20] 
INFO [2025-04-02 13:56:20] $lwd
INFO [2025-04-02 13:56:20] [1] 2
INFO [2025-04-02 13:56:20] 
INFO [2025-04-02 13:56:20] $col
INFO [2025-04-02 13:56:20] [1] "transparent"
INFO [2025-04-02 13:56:20] 
INFO [2025-04-02 13:56:20] $fill
INFO [2025-04-02 13:56:20] c("#F8766D", "#00BA38", "#619CFF", "purple4")
INFO [2025-04-02 13:56:20] 
INFO [2025-04-02 13:56:20] $alpha
INFO [2025-04-02 13:56:20] [1] 0.5
INFO [2025-04-02 13:56:20] 
INFO [2025-04-02 13:56:20] $label.col
INFO [2025-04-02 13:56:20] [1] "darkblue"
INFO [2025-04-02 13:56:20] 
INFO [2025-04-02 13:56:20] $cex
INFO [2025-04-02 13:56:20] [1] 2
INFO [2025-04-02 13:56:20] 
INFO [2025-04-02 13:56:20] $fontfamily
INFO [2025-04-02 13:56:20] [1] "serif"
INFO [2025-04-02 13:56:20] 
INFO [2025-04-02 13:56:20] $fontface
INFO [2025-04-02 13:56:20] [1] "bold"
INFO [2025-04-02 13:56:20] 
INFO [2025-04-02 13:56:20] $cat.col
INFO [2025-04-02 13:56:20] c("darkred", "darkgreen", "darkblue", "purple4")
INFO [2025-04-02 13:56:20] 
INFO [2025-04-02 13:56:20] $cat.cex
INFO [2025-04-02 13:56:20] [1] 1.3
INFO [2025-04-02 13:56:20] 
INFO [2025-04-02 13:56:20] $cat.fontfamily
INFO [2025-04-02 13:56:20] [1] "serif"
INFO [2025-04-02 13:56:20] 
INFO [2025-04-02 13:56:20] $cat.default.pos
INFO [2025-04-02 13:56:20] [1] "outer"
INFO [2025-04-02 13:56:20] 
INFO [2025-04-02 13:56:20] $cat.pos
INFO [2025-04-02 13:56:20] c(-40, 40, -30, 30)
INFO [2025-04-02 13:56:20] 
INFO [2025-04-02 13:56:20] $cat.dist
INFO [2025-04-02 13:56:20] c(0.3, 0.3, 0.2, 0.2)
INFO [2025-04-02 13:56:20] 
INFO [2025-04-02 13:56:20] $cat.fontface
INFO [2025-04-02 13:56:20] [1] "bold"
INFO [2025-04-02 13:56:20] 
INFO [2025-04-02 13:56:20] $rotation.degree
INFO [2025-04-02 13:56:20] [1] 0
INFO [2025-04-02 13:56:20] 
INFO [2025-04-02 13:56:20] $margin
INFO [2025-04-02 13:56:20] [1] 0.2
INFO [2025-04-02 13:56:20] 
