INFO [2025-07-03 10:28:59] $x
INFO [2025-07-03 10:28:59] gene_lists
INFO [2025-07-03 10:28:59] 
INFO [2025-07-03 10:28:59] $category.names
INFO [2025-07-03 10:28:59] c("KO22 Upregulated", "KO22 Downregulated", "KO23 Upregulated", 
INFO [2025-07-03 10:28:59]     "KO23 Downregulated")
INFO [2025-07-03 10:28:59] 
INFO [2025-07-03 10:28:59] $filename
INFO [2025-07-03 10:28:59] NULL
INFO [2025-07-03 10:28:59] 
INFO [2025-07-03 10:28:59] $imagetype
INFO [2025-07-03 10:28:59] [1] "jpg"
INFO [2025-07-03 10:28:59] 
INFO [2025-07-03 10:28:59] $height
INFO [2025-07-03 10:28:59] [1] 750
INFO [2025-07-03 10:28:59] 
INFO [2025-07-03 10:28:59] $width
INFO [2025-07-03 10:28:59] [1] 750
INFO [2025-07-03 10:28:59] 
INFO [2025-07-03 10:28:59] $resolution
INFO [2025-07-03 10:28:59] [1] 300
INFO [2025-07-03 10:28:59] 
INFO [2025-07-03 10:28:59] $compression
INFO [2025-07-03 10:28:59] [1] "lzw"
INFO [2025-07-03 10:28:59] 
INFO [2025-07-03 10:28:59] $lwd
INFO [2025-07-03 10:28:59] [1] 2
INFO [2025-07-03 10:28:59] 
INFO [2025-07-03 10:28:59] $col
INFO [2025-07-03 10:28:59] [1] "transparent"
INFO [2025-07-03 10:28:59] 
INFO [2025-07-03 10:28:59] $fill
INFO [2025-07-03 10:28:59] c("#F8766D", "#00BA38", "#619CFF", "purple4")
INFO [2025-07-03 10:28:59] 
INFO [2025-07-03 10:28:59] $alpha
INFO [2025-07-03 10:28:59] [1] 0.5
INFO [2025-07-03 10:28:59] 
INFO [2025-07-03 10:28:59] $label.col
INFO [2025-07-03 10:28:59] [1] "darkblue"
INFO [2025-07-03 10:28:59] 
INFO [2025-07-03 10:28:59] $cex
INFO [2025-07-03 10:28:59] [1] 2
INFO [2025-07-03 10:28:59] 
INFO [2025-07-03 10:28:59] $fontfamily
INFO [2025-07-03 10:28:59] [1] "Arial"
INFO [2025-07-03 10:28:59] 
INFO [2025-07-03 10:28:59] $fontface
INFO [2025-07-03 10:28:59] [1] "bold"
INFO [2025-07-03 10:28:59] 
INFO [2025-07-03 10:28:59] $cat.col
INFO [2025-07-03 10:28:59] c("darkred", "darkgreen", "darkblue", "purple4")
INFO [2025-07-03 10:28:59] 
INFO [2025-07-03 10:28:59] $cat.cex
INFO [2025-07-03 10:28:59] [1] 1.3
INFO [2025-07-03 10:28:59] 
INFO [2025-07-03 10:28:59] $cat.fontfamily
INFO [2025-07-03 10:28:59] [1] "Arial"
INFO [2025-07-03 10:28:59] 
INFO [2025-07-03 10:28:59] $cat.default.pos
INFO [2025-07-03 10:28:59] [1] "outer"
INFO [2025-07-03 10:28:59] 
INFO [2025-07-03 10:28:59] $cat.pos
INFO [2025-07-03 10:28:59] c(-40, 40, -30, 30)
INFO [2025-07-03 10:28:59] 
INFO [2025-07-03 10:28:59] $cat.dist
INFO [2025-07-03 10:28:59] c(0.3, 0.3, 0.2, 0.2)
INFO [2025-07-03 10:28:59] 
INFO [2025-07-03 10:28:59] $cat.fontface
INFO [2025-07-03 10:28:59] [1] "bold"
INFO [2025-07-03 10:28:59] 
INFO [2025-07-03 10:28:59] $rotation.degree
INFO [2025-07-03 10:28:59] [1] 0
INFO [2025-07-03 10:28:59] 
INFO [2025-07-03 10:28:59] $margin
INFO [2025-07-03 10:28:59] [1] 0.2
INFO [2025-07-03 10:28:59] 
