INFO [2025-04-02 13:56:56] $x
INFO [2025-04-02 13:56:56] gene_lists
INFO [2025-04-02 13:56:56] 
INFO [2025-04-02 13:56:56] $category.names
INFO [2025-04-02 13:56:56] c("FIH KO 1Up Regulated", "FIH KO 1Down Regulated", "FIH KO 2Up Regulated", 
INFO [2025-04-02 13:56:56]     "FIH KO 2Down Regulated")
INFO [2025-04-02 13:56:56] 
INFO [2025-04-02 13:56:56] $filename
INFO [2025-04-02 13:56:56] NULL
INFO [2025-04-02 13:56:56] 
INFO [2025-04-02 13:56:56] $imagetype
INFO [2025-04-02 13:56:56] [1] "png"
INFO [2025-04-02 13:56:56] 
INFO [2025-04-02 13:56:56] $height
INFO [2025-04-02 13:56:56] [1] 750
INFO [2025-04-02 13:56:56] 
INFO [2025-04-02 13:56:56] $width
INFO [2025-04-02 13:56:56] [1] 750
INFO [2025-04-02 13:56:56] 
INFO [2025-04-02 13:56:56] $resolution
INFO [2025-04-02 13:56:56] [1] 300
INFO [2025-04-02 13:56:56] 
INFO [2025-04-02 13:56:56] $compression
INFO [2025-04-02 13:56:56] [1] "lzw"
INFO [2025-04-02 13:56:56] 
INFO [2025-04-02 13:56:56] $lwd
INFO [2025-04-02 13:56:56] [1] 2
INFO [2025-04-02 13:56:56] 
INFO [2025-04-02 13:56:56] $col
INFO [2025-04-02 13:56:56] [1] "transparent"
INFO [2025-04-02 13:56:56] 
INFO [2025-04-02 13:56:56] $fill
INFO [2025-04-02 13:56:56] c("#F8766D", "#00BA38", "#619CFF", "purple4")
INFO [2025-04-02 13:56:56] 
INFO [2025-04-02 13:56:56] $alpha
INFO [2025-04-02 13:56:56] [1] 0.5
INFO [2025-04-02 13:56:56] 
INFO [2025-04-02 13:56:56] $label.col
INFO [2025-04-02 13:56:56] [1] "darkblue"
INFO [2025-04-02 13:56:56] 
INFO [2025-04-02 13:56:56] $cex
INFO [2025-04-02 13:56:56] [1] 2
INFO [2025-04-02 13:56:56] 
INFO [2025-04-02 13:56:56] $fontfamily
INFO [2025-04-02 13:56:56] [1] "serif"
INFO [2025-04-02 13:56:56] 
INFO [2025-04-02 13:56:56] $fontface
INFO [2025-04-02 13:56:56] [1] "bold"
INFO [2025-04-02 13:56:56] 
INFO [2025-04-02 13:56:56] $cat.col
INFO [2025-04-02 13:56:56] c("darkred", "darkgreen", "darkblue", "purple4")
INFO [2025-04-02 13:56:56] 
INFO [2025-04-02 13:56:56] $cat.cex
INFO [2025-04-02 13:56:56] [1] 1.3
INFO [2025-04-02 13:56:56] 
INFO [2025-04-02 13:56:56] $cat.fontfamily
INFO [2025-04-02 13:56:56] [1] "serif"
INFO [2025-04-02 13:56:56] 
INFO [2025-04-02 13:56:56] $cat.default.pos
INFO [2025-04-02 13:56:56] [1] "outer"
INFO [2025-04-02 13:56:56] 
INFO [2025-04-02 13:56:56] $cat.pos
INFO [2025-04-02 13:56:56] c(-40, 40, -30, 30)
INFO [2025-04-02 13:56:56] 
INFO [2025-04-02 13:56:56] $cat.dist
INFO [2025-04-02 13:56:56] c(0.3, 0.3, 0.2, 0.2)
INFO [2025-04-02 13:56:56] 
INFO [2025-04-02 13:56:56] $cat.fontface
INFO [2025-04-02 13:56:56] [1] "bold"
INFO [2025-04-02 13:56:56] 
INFO [2025-04-02 13:56:56] $rotation.degree
INFO [2025-04-02 13:56:56] [1] 0
INFO [2025-04-02 13:56:56] 
INFO [2025-04-02 13:56:56] $margin
INFO [2025-04-02 13:56:56] [1] 0.2
INFO [2025-04-02 13:56:56] 
