INFO [2025-04-01 12:48:00] $x
INFO [2025-04-01 12:48:00] list(KO22_vs_plenti = DEG_KO22, KO23_vs_plenti = DEG_KO23)
INFO [2025-04-01 12:48:00] 
INFO [2025-04-01 12:48:00] $category.names
INFO [2025-04-01 12:48:00] c("KO22 vs Plenti", "KO23 vs Plenti")
INFO [2025-04-01 12:48:00] 
INFO [2025-04-01 12:48:00] $filename
INFO [2025-04-01 12:48:00] NULL
INFO [2025-04-01 12:48:00] 
INFO [2025-04-01 12:48:00] $output
INFO [2025-04-01 12:48:00] [1] TRUE
INFO [2025-04-01 12:48:00] 
INFO [2025-04-01 12:48:00] $fill
INFO [2025-04-01 12:48:00] c("blue", "green")
INFO [2025-04-01 12:48:00] 
INFO [2025-04-01 12:48:00] $alpha
INFO [2025-04-01 12:48:00] [1] 0.5
INFO [2025-04-01 12:48:00] 
INFO [2025-04-01 12:48:00] $cex
INFO [2025-04-01 12:48:00] [1] 1.5
INFO [2025-04-01 12:48:00] 
INFO [2025-04-01 12:48:00] $fontface
INFO [2025-04-01 12:48:00] [1] "bold"
INFO [2025-04-01 12:48:00] 
INFO [2025-04-01 12:48:00] $cat.cex
INFO [2025-04-01 12:48:00] [1] 1.2
INFO [2025-04-01 12:48:00] 
INFO [2025-04-01 12:48:00] $cat.fontface
INFO [2025-04-01 12:48:00] [1] "bold"
INFO [2025-04-01 12:48:00] 
INFO [2025-04-01 12:48:00] $cat.col
INFO [2025-04-01 12:48:00] c("blue", "green")
INFO [2025-04-01 12:48:00] 
