INFO [2025-04-10 12:56:16] $x
INFO [2025-04-10 12:56:16] gene_lists
INFO [2025-04-10 12:56:16] 
INFO [2025-04-10 12:56:16] $category.names
INFO [2025-04-10 12:56:16] c("KO22 Upregulated", "KO22 Downregulated", "KO23 Upregulated", 
INFO [2025-04-10 12:56:16]     "KO23 Downregulated")
INFO [2025-04-10 12:56:16] 
INFO [2025-04-10 12:56:16] $filename
INFO [2025-04-10 12:56:16] NULL
INFO [2025-04-10 12:56:16] 
INFO [2025-04-10 12:56:16] $imagetype
INFO [2025-04-10 12:56:16] [1] "png"
INFO [2025-04-10 12:56:16] 
INFO [2025-04-10 12:56:16] $height
INFO [2025-04-10 12:56:16] [1] 750
INFO [2025-04-10 12:56:16] 
INFO [2025-04-10 12:56:16] $width
INFO [2025-04-10 12:56:16] [1] 750
INFO [2025-04-10 12:56:16] 
INFO [2025-04-10 12:56:16] $resolution
INFO [2025-04-10 12:56:16] [1] 300
INFO [2025-04-10 12:56:16] 
INFO [2025-04-10 12:56:16] $compression
INFO [2025-04-10 12:56:16] [1] "lzw"
INFO [2025-04-10 12:56:16] 
INFO [2025-04-10 12:56:16] $lwd
INFO [2025-04-10 12:56:16] [1] 2
INFO [2025-04-10 12:56:16] 
INFO [2025-04-10 12:56:16] $col
INFO [2025-04-10 12:56:16] [1] "transparent"
INFO [2025-04-10 12:56:16] 
INFO [2025-04-10 12:56:16] $fill
INFO [2025-04-10 12:56:16] c("#F8766D", "#00BA38", "#619CFF", "purple4")
INFO [2025-04-10 12:56:16] 
INFO [2025-04-10 12:56:16] $alpha
INFO [2025-04-10 12:56:16] [1] 0.5
INFO [2025-04-10 12:56:16] 
INFO [2025-04-10 12:56:16] $label.col
INFO [2025-04-10 12:56:16] [1] "darkblue"
INFO [2025-04-10 12:56:16] 
INFO [2025-04-10 12:56:16] $cex
INFO [2025-04-10 12:56:16] [1] 2
INFO [2025-04-10 12:56:16] 
INFO [2025-04-10 12:56:16] $fontfamily
INFO [2025-04-10 12:56:16] [1] "serif"
INFO [2025-04-10 12:56:16] 
INFO [2025-04-10 12:56:16] $fontface
INFO [2025-04-10 12:56:16] [1] "bold"
INFO [2025-04-10 12:56:16] 
INFO [2025-04-10 12:56:16] $cat.col
INFO [2025-04-10 12:56:16] c("darkred", "darkgreen", "darkblue", "purple4")
INFO [2025-04-10 12:56:16] 
INFO [2025-04-10 12:56:16] $cat.cex
INFO [2025-04-10 12:56:16] [1] 1.3
INFO [2025-04-10 12:56:16] 
INFO [2025-04-10 12:56:16] $cat.fontfamily
INFO [2025-04-10 12:56:16] [1] "serif"
INFO [2025-04-10 12:56:16] 
INFO [2025-04-10 12:56:16] $cat.default.pos
INFO [2025-04-10 12:56:16] [1] "outer"
INFO [2025-04-10 12:56:16] 
INFO [2025-04-10 12:56:16] $cat.pos
INFO [2025-04-10 12:56:16] c(-40, 40, -30, 30)
INFO [2025-04-10 12:56:16] 
INFO [2025-04-10 12:56:16] $cat.dist
INFO [2025-04-10 12:56:16] c(0.3, 0.3, 0.2, 0.2)
INFO [2025-04-10 12:56:16] 
INFO [2025-04-10 12:56:16] $cat.fontface
INFO [2025-04-10 12:56:16] [1] "bold"
INFO [2025-04-10 12:56:16] 
INFO [2025-04-10 12:56:16] $rotation.degree
INFO [2025-04-10 12:56:16] [1] 0
INFO [2025-04-10 12:56:16] 
INFO [2025-04-10 12:56:16] $margin
INFO [2025-04-10 12:56:16] [1] 0.2
INFO [2025-04-10 12:56:16] 
