INFO [2025-04-10 14:49:34] $x
INFO [2025-04-10 14:49:34] gene_lists
INFO [2025-04-10 14:49:34] 
INFO [2025-04-10 14:49:34] $category.names
INFO [2025-04-10 14:49:34] c("KO22 Upregulated", "KO22 Downregulated", "KO23 Upregulated", 
INFO [2025-04-10 14:49:34]     "KO23 Downregulated")
INFO [2025-04-10 14:49:34] 
INFO [2025-04-10 14:49:34] $filename
INFO [2025-04-10 14:49:34] NULL
INFO [2025-04-10 14:49:34] 
INFO [2025-04-10 14:49:34] $imagetype
INFO [2025-04-10 14:49:34] [1] "png"
INFO [2025-04-10 14:49:34] 
INFO [2025-04-10 14:49:34] $height
INFO [2025-04-10 14:49:34] [1] 750
INFO [2025-04-10 14:49:34] 
INFO [2025-04-10 14:49:34] $width
INFO [2025-04-10 14:49:34] [1] 750
INFO [2025-04-10 14:49:34] 
INFO [2025-04-10 14:49:34] $resolution
INFO [2025-04-10 14:49:34] [1] 300
INFO [2025-04-10 14:49:34] 
INFO [2025-04-10 14:49:34] $compression
INFO [2025-04-10 14:49:34] [1] "lzw"
INFO [2025-04-10 14:49:34] 
INFO [2025-04-10 14:49:34] $lwd
INFO [2025-04-10 14:49:34] [1] 2
INFO [2025-04-10 14:49:34] 
INFO [2025-04-10 14:49:34] $col
INFO [2025-04-10 14:49:34] [1] "transparent"
INFO [2025-04-10 14:49:34] 
INFO [2025-04-10 14:49:34] $fill
INFO [2025-04-10 14:49:34] c("#F8766D", "#00BA38", "#619CFF", "purple4")
INFO [2025-04-10 14:49:34] 
INFO [2025-04-10 14:49:34] $alpha
INFO [2025-04-10 14:49:34] [1] 0.5
INFO [2025-04-10 14:49:34] 
INFO [2025-04-10 14:49:34] $label.col
INFO [2025-04-10 14:49:34] [1] "darkblue"
INFO [2025-04-10 14:49:34] 
INFO [2025-04-10 14:49:34] $cex
INFO [2025-04-10 14:49:34] [1] 2
INFO [2025-04-10 14:49:34] 
INFO [2025-04-10 14:49:34] $fontfamily
INFO [2025-04-10 14:49:34] [1] "serif"
INFO [2025-04-10 14:49:34] 
INFO [2025-04-10 14:49:34] $fontface
INFO [2025-04-10 14:49:34] [1] "bold"
INFO [2025-04-10 14:49:34] 
INFO [2025-04-10 14:49:34] $cat.col
INFO [2025-04-10 14:49:34] c("darkred", "darkgreen", "darkblue", "purple4")
INFO [2025-04-10 14:49:34] 
INFO [2025-04-10 14:49:34] $cat.cex
INFO [2025-04-10 14:49:34] [1] 1.3
INFO [2025-04-10 14:49:34] 
INFO [2025-04-10 14:49:34] $cat.fontfamily
INFO [2025-04-10 14:49:34] [1] "serif"
INFO [2025-04-10 14:49:34] 
INFO [2025-04-10 14:49:34] $cat.default.pos
INFO [2025-04-10 14:49:34] [1] "outer"
INFO [2025-04-10 14:49:34] 
INFO [2025-04-10 14:49:34] $cat.pos
INFO [2025-04-10 14:49:34] c(-40, 40, -30, 30)
INFO [2025-04-10 14:49:34] 
INFO [2025-04-10 14:49:34] $cat.dist
INFO [2025-04-10 14:49:34] c(0.3, 0.3, 0.2, 0.2)
INFO [2025-04-10 14:49:34] 
INFO [2025-04-10 14:49:34] $cat.fontface
INFO [2025-04-10 14:49:34] [1] "bold"
INFO [2025-04-10 14:49:34] 
INFO [2025-04-10 14:49:34] $rotation.degree
INFO [2025-04-10 14:49:34] [1] 0
INFO [2025-04-10 14:49:34] 
INFO [2025-04-10 14:49:34] $margin
INFO [2025-04-10 14:49:34] [1] 0.2
INFO [2025-04-10 14:49:34] 
