INFO [2025-04-01 12:46:43] $x
INFO [2025-04-01 12:46:43] list(KO22_vs_plenti = DEG_KO22, KO23_vs_plenti = DEG_KO23)
INFO [2025-04-01 12:46:43] 
INFO [2025-04-01 12:46:43] $category.names
INFO [2025-04-01 12:46:43] c("KO22 vs Plenti", "KO23 vs Plenti")
INFO [2025-04-01 12:46:43] 
INFO [2025-04-01 12:46:43] $filename
INFO [2025-04-01 12:46:43] NULL
INFO [2025-04-01 12:46:43] 
INFO [2025-04-01 12:46:43] $output
INFO [2025-04-01 12:46:43] [1] TRUE
INFO [2025-04-01 12:46:43] 
INFO [2025-04-01 12:46:43] $fill
INFO [2025-04-01 12:46:43] c("blue", "green")
INFO [2025-04-01 12:46:43] 
INFO [2025-04-01 12:46:43] $alpha
INFO [2025-04-01 12:46:43] [1] 0.5
INFO [2025-04-01 12:46:43] 
INFO [2025-04-01 12:46:43] $cex
INFO [2025-04-01 12:46:43] [1] 1.5
INFO [2025-04-01 12:46:43] 
INFO [2025-04-01 12:46:43] $fontface
INFO [2025-04-01 12:46:43] [1] "bold"
INFO [2025-04-01 12:46:43] 
INFO [2025-04-01 12:46:43] $cat.cex
INFO [2025-04-01 12:46:43] [1] 1.2
INFO [2025-04-01 12:46:43] 
INFO [2025-04-01 12:46:43] $cat.fontface
INFO [2025-04-01 12:46:43] [1] "bold"
INFO [2025-04-01 12:46:43] 
INFO [2025-04-01 12:46:43] $cat.col
INFO [2025-04-01 12:46:43] c("blue", "green")
INFO [2025-04-01 12:46:43] 
