INFO [2025-04-14 12:18:09] $x
INFO [2025-04-14 12:18:09] gene_lists
INFO [2025-04-14 12:18:09] 
INFO [2025-04-14 12:18:09] $category.names
INFO [2025-04-14 12:18:09] c("FIH KO 1Up Regulated", "FIH KO 1Down Regulated", "FIH KO 2Up Regulated", 
INFO [2025-04-14 12:18:09]     "FIH KO 2Down Regulated")
INFO [2025-04-14 12:18:09] 
INFO [2025-04-14 12:18:09] $filename
INFO [2025-04-14 12:18:09] NULL
INFO [2025-04-14 12:18:09] 
INFO [2025-04-14 12:18:09] $imagetype
INFO [2025-04-14 12:18:09] [1] "png"
INFO [2025-04-14 12:18:09] 
INFO [2025-04-14 12:18:09] $height
INFO [2025-04-14 12:18:09] [1] 750
INFO [2025-04-14 12:18:09] 
INFO [2025-04-14 12:18:09] $width
INFO [2025-04-14 12:18:09] [1] 750
INFO [2025-04-14 12:18:09] 
INFO [2025-04-14 12:18:09] $resolution
INFO [2025-04-14 12:18:09] [1] 300
INFO [2025-04-14 12:18:09] 
INFO [2025-04-14 12:18:09] $compression
INFO [2025-04-14 12:18:09] [1] "lzw"
INFO [2025-04-14 12:18:09] 
INFO [2025-04-14 12:18:09] $lwd
INFO [2025-04-14 12:18:09] [1] 2
INFO [2025-04-14 12:18:09] 
INFO [2025-04-14 12:18:09] $col
INFO [2025-04-14 12:18:09] [1] "transparent"
INFO [2025-04-14 12:18:09] 
INFO [2025-04-14 12:18:09] $fill
INFO [2025-04-14 12:18:09] c("#F8766D", "#00BA38", "#619CFF", "purple4")
INFO [2025-04-14 12:18:09] 
INFO [2025-04-14 12:18:09] $alpha
INFO [2025-04-14 12:18:09] [1] 0.5
INFO [2025-04-14 12:18:09] 
INFO [2025-04-14 12:18:09] $label.col
INFO [2025-04-14 12:18:09] [1] "darkblue"
INFO [2025-04-14 12:18:09] 
INFO [2025-04-14 12:18:09] $cex
INFO [2025-04-14 12:18:09] [1] 2
INFO [2025-04-14 12:18:09] 
INFO [2025-04-14 12:18:09] $fontfamily
INFO [2025-04-14 12:18:09] [1] "serif"
INFO [2025-04-14 12:18:09] 
INFO [2025-04-14 12:18:09] $fontface
INFO [2025-04-14 12:18:09] [1] "bold"
INFO [2025-04-14 12:18:09] 
INFO [2025-04-14 12:18:09] $cat.col
INFO [2025-04-14 12:18:09] c("darkred", "darkgreen", "darkblue", "purple4")
INFO [2025-04-14 12:18:09] 
INFO [2025-04-14 12:18:09] $cat.cex
INFO [2025-04-14 12:18:09] [1] 1.3
INFO [2025-04-14 12:18:09] 
INFO [2025-04-14 12:18:09] $cat.fontfamily
INFO [2025-04-14 12:18:09] [1] "serif"
INFO [2025-04-14 12:18:09] 
INFO [2025-04-14 12:18:09] $cat.default.pos
INFO [2025-04-14 12:18:09] [1] "outer"
INFO [2025-04-14 12:18:09] 
INFO [2025-04-14 12:18:09] $cat.pos
INFO [2025-04-14 12:18:09] c(-40, 40, -30, 30)
INFO [2025-04-14 12:18:09] 
INFO [2025-04-14 12:18:09] $cat.dist
INFO [2025-04-14 12:18:09] c(0.3, 0.3, 0.2, 0.2)
INFO [2025-04-14 12:18:09] 
INFO [2025-04-14 12:18:09] $cat.fontface
INFO [2025-04-14 12:18:09] [1] "bold"
INFO [2025-04-14 12:18:09] 
INFO [2025-04-14 12:18:09] $rotation.degree
INFO [2025-04-14 12:18:09] [1] 0
INFO [2025-04-14 12:18:09] 
INFO [2025-04-14 12:18:09] $margin
INFO [2025-04-14 12:18:09] [1] 0.2
INFO [2025-04-14 12:18:09] 
