INFO [2025-04-02 12:52:24] $x
INFO [2025-04-02 12:52:24] gene_lists
INFO [2025-04-02 12:52:24] 
INFO [2025-04-02 12:52:24] $category.names
INFO [2025-04-02 12:52:24] c("FIH KO 1Up Regulated", "FIH KO 1Down Regulated", "FIH KO 2Up Regulated", 
INFO [2025-04-02 12:52:24]     "FIH KO 2Down Regulated")
INFO [2025-04-02 12:52:24] 
INFO [2025-04-02 12:52:24] $filename
INFO [2025-04-02 12:52:24] NULL
INFO [2025-04-02 12:52:24] 
INFO [2025-04-02 12:52:24] $imagetype
INFO [2025-04-02 12:52:24] [1] "png"
INFO [2025-04-02 12:52:24] 
INFO [2025-04-02 12:52:24] $height
INFO [2025-04-02 12:52:24] [1] 750
INFO [2025-04-02 12:52:24] 
INFO [2025-04-02 12:52:24] $width
INFO [2025-04-02 12:52:24] [1] 750
INFO [2025-04-02 12:52:24] 
INFO [2025-04-02 12:52:24] $resolution
INFO [2025-04-02 12:52:24] [1] 300
INFO [2025-04-02 12:52:24] 
INFO [2025-04-02 12:52:24] $compression
INFO [2025-04-02 12:52:24] [1] "lzw"
INFO [2025-04-02 12:52:24] 
INFO [2025-04-02 12:52:24] $lwd
INFO [2025-04-02 12:52:24] [1] 2
INFO [2025-04-02 12:52:24] 
INFO [2025-04-02 12:52:24] $col
INFO [2025-04-02 12:52:24] [1] "transparent"
INFO [2025-04-02 12:52:24] 
INFO [2025-04-02 12:52:24] $fill
INFO [2025-04-02 12:52:24] c("#F8766D", "#00BA38", "#619CFF", "purple4")
INFO [2025-04-02 12:52:24] 
INFO [2025-04-02 12:52:24] $alpha
INFO [2025-04-02 12:52:24] [1] 0.5
INFO [2025-04-02 12:52:24] 
INFO [2025-04-02 12:52:24] $label.col
INFO [2025-04-02 12:52:24] [1] "darkblue"
INFO [2025-04-02 12:52:24] 
INFO [2025-04-02 12:52:24] $cex
INFO [2025-04-02 12:52:24] [1] 2
INFO [2025-04-02 12:52:24] 
INFO [2025-04-02 12:52:24] $fontfamily
INFO [2025-04-02 12:52:24] [1] "serif"
INFO [2025-04-02 12:52:24] 
INFO [2025-04-02 12:52:24] $fontface
INFO [2025-04-02 12:52:24] [1] "bold"
INFO [2025-04-02 12:52:24] 
INFO [2025-04-02 12:52:24] $cat.col
INFO [2025-04-02 12:52:24] c("darkred", "darkgreen", "darkblue", "purple4")
INFO [2025-04-02 12:52:24] 
INFO [2025-04-02 12:52:24] $cat.cex
INFO [2025-04-02 12:52:24] [1] 1.3
INFO [2025-04-02 12:52:24] 
INFO [2025-04-02 12:52:24] $cat.fontfamily
INFO [2025-04-02 12:52:24] [1] "serif"
INFO [2025-04-02 12:52:24] 
INFO [2025-04-02 12:52:24] $cat.default.pos
INFO [2025-04-02 12:52:24] [1] "outer"
INFO [2025-04-02 12:52:24] 
INFO [2025-04-02 12:52:24] $cat.pos
INFO [2025-04-02 12:52:24] c(-40, 40, -30, 30)
INFO [2025-04-02 12:52:24] 
INFO [2025-04-02 12:52:24] $cat.dist
INFO [2025-04-02 12:52:24] c(0.3, 0.3, 0.2, 0.2)
INFO [2025-04-02 12:52:24] 
INFO [2025-04-02 12:52:24] $cat.fontface
INFO [2025-04-02 12:52:24] [1] "bold"
INFO [2025-04-02 12:52:24] 
INFO [2025-04-02 12:52:24] $rotation.degree
INFO [2025-04-02 12:52:24] [1] 0
INFO [2025-04-02 12:52:24] 
INFO [2025-04-02 12:52:24] $margin
INFO [2025-04-02 12:52:24] [1] 0.2
INFO [2025-04-02 12:52:24] 
