INFO [2025-04-02 11:48:23] $x
INFO [2025-04-02 11:48:23] gene_lists
INFO [2025-04-02 11:48:23] 
INFO [2025-04-02 11:48:23] $category.names
INFO [2025-04-02 11:48:23] c("FIH KO 1Up Regulated", "FIH KO 1Down Regulated", "FIH KO 2Up Regulated", 
INFO [2025-04-02 11:48:23]     "FIH KO 2Down Regulated")
INFO [2025-04-02 11:48:23] 
INFO [2025-04-02 11:48:23] $output
INFO [2025-04-02 11:48:23] [1] "C:/3.Tools/RStudio/2024_Nuroblastoma_FIH_KO/DEG/Venn"
INFO [2025-04-02 11:48:23] 
INFO [2025-04-02 11:48:23] $filename
INFO [2025-04-02 11:48:23] NULL
INFO [2025-04-02 11:48:23] 
INFO [2025-04-02 11:48:23] $imagetype
INFO [2025-04-02 11:48:23] [1] "png"
INFO [2025-04-02 11:48:23] 
INFO [2025-04-02 11:48:23] $height
INFO [2025-04-02 11:48:23] [1] 750
INFO [2025-04-02 11:48:23] 
INFO [2025-04-02 11:48:23] $width
INFO [2025-04-02 11:48:23] [1] 750
INFO [2025-04-02 11:48:23] 
INFO [2025-04-02 11:48:23] $resolution
INFO [2025-04-02 11:48:23] [1] 300
INFO [2025-04-02 11:48:23] 
INFO [2025-04-02 11:48:23] $compression
INFO [2025-04-02 11:48:23] [1] "lzw"
INFO [2025-04-02 11:48:23] 
INFO [2025-04-02 11:48:23] $lwd
INFO [2025-04-02 11:48:23] [1] 2
INFO [2025-04-02 11:48:23] 
INFO [2025-04-02 11:48:23] $col
INFO [2025-04-02 11:48:23] [1] "transparent"
INFO [2025-04-02 11:48:23] 
INFO [2025-04-02 11:48:23] $fill
INFO [2025-04-02 11:48:23] c("#F8766D", "#00BA38", "#619CFF", "purple4")
INFO [2025-04-02 11:48:23] 
INFO [2025-04-02 11:48:23] $alpha
INFO [2025-04-02 11:48:23] [1] 0.5
INFO [2025-04-02 11:48:23] 
INFO [2025-04-02 11:48:23] $label.col
INFO [2025-04-02 11:48:23] [1] "darkblue"
INFO [2025-04-02 11:48:23] 
INFO [2025-04-02 11:48:23] $cex
INFO [2025-04-02 11:48:23] [1] 2
INFO [2025-04-02 11:48:23] 
INFO [2025-04-02 11:48:23] $fontfamily
INFO [2025-04-02 11:48:23] [1] "serif"
INFO [2025-04-02 11:48:23] 
INFO [2025-04-02 11:48:23] $fontface
INFO [2025-04-02 11:48:23] [1] "bold"
INFO [2025-04-02 11:48:23] 
INFO [2025-04-02 11:48:23] $cat.col
INFO [2025-04-02 11:48:23] c("darkred", "darkgreen", "darkblue", "purple4")
INFO [2025-04-02 11:48:23] 
INFO [2025-04-02 11:48:23] $cat.cex
INFO [2025-04-02 11:48:23] [1] 1.3
INFO [2025-04-02 11:48:23] 
INFO [2025-04-02 11:48:23] $cat.fontfamily
INFO [2025-04-02 11:48:23] [1] "serif"
INFO [2025-04-02 11:48:23] 
INFO [2025-04-02 11:48:23] $cat.default.pos
INFO [2025-04-02 11:48:23] [1] "outer"
INFO [2025-04-02 11:48:23] 
INFO [2025-04-02 11:48:23] $cat.pos
INFO [2025-04-02 11:48:23] c(-40, 40, -30, 30)
INFO [2025-04-02 11:48:23] 
INFO [2025-04-02 11:48:23] $cat.dist
INFO [2025-04-02 11:48:23] c(0.3, 0.3, 0.2, 0.2)
INFO [2025-04-02 11:48:23] 
INFO [2025-04-02 11:48:23] $cat.fontface
INFO [2025-04-02 11:48:23] [1] "bold"
INFO [2025-04-02 11:48:23] 
INFO [2025-04-02 11:48:23] $rotation.degree
INFO [2025-04-02 11:48:23] [1] 0
INFO [2025-04-02 11:48:23] 
INFO [2025-04-02 11:48:23] $margin
INFO [2025-04-02 11:48:23] [1] 0.2
INFO [2025-04-02 11:48:23] 
