INFO [2025-05-06 18:10:08] $x
INFO [2025-05-06 18:10:08] gene_lists
INFO [2025-05-06 18:10:08] 
INFO [2025-05-06 18:10:08] $category.names
INFO [2025-05-06 18:10:08] c("KO22 Upregulated", "KO22 Downregulated", "KO23 Upregulated", 
INFO [2025-05-06 18:10:08]     "KO23 Downregulated")
INFO [2025-05-06 18:10:08] 
INFO [2025-05-06 18:10:08] $filename
INFO [2025-05-06 18:10:08] NULL
INFO [2025-05-06 18:10:08] 
INFO [2025-05-06 18:10:08] $imagetype
INFO [2025-05-06 18:10:08] [1] "jpg"
INFO [2025-05-06 18:10:08] 
INFO [2025-05-06 18:10:08] $height
INFO [2025-05-06 18:10:08] [1] 750
INFO [2025-05-06 18:10:08] 
INFO [2025-05-06 18:10:08] $width
INFO [2025-05-06 18:10:08] [1] 750
INFO [2025-05-06 18:10:08] 
INFO [2025-05-06 18:10:08] $resolution
INFO [2025-05-06 18:10:08] [1] 300
INFO [2025-05-06 18:10:08] 
INFO [2025-05-06 18:10:08] $compression
INFO [2025-05-06 18:10:08] [1] "lzw"
INFO [2025-05-06 18:10:08] 
INFO [2025-05-06 18:10:08] $lwd
INFO [2025-05-06 18:10:08] [1] 2
INFO [2025-05-06 18:10:08] 
INFO [2025-05-06 18:10:08] $col
INFO [2025-05-06 18:10:08] [1] "transparent"
INFO [2025-05-06 18:10:08] 
INFO [2025-05-06 18:10:08] $fill
INFO [2025-05-06 18:10:08] c("#F8766D", "#00BA38", "#619CFF", "purple4")
INFO [2025-05-06 18:10:08] 
INFO [2025-05-06 18:10:08] $alpha
INFO [2025-05-06 18:10:08] [1] 0.5
INFO [2025-05-06 18:10:08] 
INFO [2025-05-06 18:10:08] $label.col
INFO [2025-05-06 18:10:08] [1] "darkblue"
INFO [2025-05-06 18:10:08] 
INFO [2025-05-06 18:10:08] $cex
INFO [2025-05-06 18:10:08] [1] 2
INFO [2025-05-06 18:10:08] 
INFO [2025-05-06 18:10:08] $fontfamily
INFO [2025-05-06 18:10:08] [1] "Arial"
INFO [2025-05-06 18:10:08] 
INFO [2025-05-06 18:10:08] $fontface
INFO [2025-05-06 18:10:08] [1] "bold"
INFO [2025-05-06 18:10:08] 
INFO [2025-05-06 18:10:08] $cat.col
INFO [2025-05-06 18:10:08] c("darkred", "darkgreen", "darkblue", "purple4")
INFO [2025-05-06 18:10:08] 
INFO [2025-05-06 18:10:08] $cat.cex
INFO [2025-05-06 18:10:08] [1] 1.3
INFO [2025-05-06 18:10:08] 
INFO [2025-05-06 18:10:08] $cat.fontfamily
INFO [2025-05-06 18:10:08] [1] "Arial"
INFO [2025-05-06 18:10:08] 
INFO [2025-05-06 18:10:08] $cat.default.pos
INFO [2025-05-06 18:10:08] [1] "outer"
INFO [2025-05-06 18:10:08] 
INFO [2025-05-06 18:10:08] $cat.pos
INFO [2025-05-06 18:10:08] c(-40, 40, -30, 30)
INFO [2025-05-06 18:10:08] 
INFO [2025-05-06 18:10:08] $cat.dist
INFO [2025-05-06 18:10:08] c(0.3, 0.3, 0.2, 0.2)
INFO [2025-05-06 18:10:08] 
INFO [2025-05-06 18:10:08] $cat.fontface
INFO [2025-05-06 18:10:08] [1] "bold"
INFO [2025-05-06 18:10:08] 
INFO [2025-05-06 18:10:08] $rotation.degree
INFO [2025-05-06 18:10:08] [1] 0
INFO [2025-05-06 18:10:08] 
INFO [2025-05-06 18:10:08] $margin
INFO [2025-05-06 18:10:08] [1] 0.2
INFO [2025-05-06 18:10:08] 
