INFO [2025-04-02 13:56:30] $x
INFO [2025-04-02 13:56:30] gene_lists
INFO [2025-04-02 13:56:30] 
INFO [2025-04-02 13:56:30] $category.names
INFO [2025-04-02 13:56:30] c("FIH KO 1Up Regulated", "FIH KO 1Down Regulated", "FIH KO 2Up Regulated", 
INFO [2025-04-02 13:56:30]     "FIH KO 2Down Regulated")
INFO [2025-04-02 13:56:30] 
INFO [2025-04-02 13:56:30] $filename
INFO [2025-04-02 13:56:30] NULL
INFO [2025-04-02 13:56:30] 
INFO [2025-04-02 13:56:30] $imagetype
INFO [2025-04-02 13:56:30] [1] "png"
INFO [2025-04-02 13:56:30] 
INFO [2025-04-02 13:56:30] $height
INFO [2025-04-02 13:56:30] [1] 750
INFO [2025-04-02 13:56:30] 
INFO [2025-04-02 13:56:30] $width
INFO [2025-04-02 13:56:30] [1] 750
INFO [2025-04-02 13:56:30] 
INFO [2025-04-02 13:56:30] $resolution
INFO [2025-04-02 13:56:30] [1] 300
INFO [2025-04-02 13:56:30] 
INFO [2025-04-02 13:56:30] $compression
INFO [2025-04-02 13:56:30] [1] "lzw"
INFO [2025-04-02 13:56:30] 
INFO [2025-04-02 13:56:30] $lwd
INFO [2025-04-02 13:56:30] [1] 2
INFO [2025-04-02 13:56:30] 
INFO [2025-04-02 13:56:30] $col
INFO [2025-04-02 13:56:30] [1] "transparent"
INFO [2025-04-02 13:56:30] 
INFO [2025-04-02 13:56:30] $fill
INFO [2025-04-02 13:56:30] c("#F8766D", "#00BA38", "#619CFF", "purple4")
INFO [2025-04-02 13:56:30] 
INFO [2025-04-02 13:56:30] $alpha
INFO [2025-04-02 13:56:30] [1] 0.5
INFO [2025-04-02 13:56:30] 
INFO [2025-04-02 13:56:30] $label.col
INFO [2025-04-02 13:56:30] [1] "darkblue"
INFO [2025-04-02 13:56:30] 
INFO [2025-04-02 13:56:30] $cex
INFO [2025-04-02 13:56:30] [1] 2
INFO [2025-04-02 13:56:30] 
INFO [2025-04-02 13:56:30] $fontfamily
INFO [2025-04-02 13:56:30] [1] "serif"
INFO [2025-04-02 13:56:30] 
INFO [2025-04-02 13:56:30] $fontface
INFO [2025-04-02 13:56:30] [1] "bold"
INFO [2025-04-02 13:56:30] 
INFO [2025-04-02 13:56:30] $cat.col
INFO [2025-04-02 13:56:30] c("darkred", "darkgreen", "darkblue", "purple4")
INFO [2025-04-02 13:56:30] 
INFO [2025-04-02 13:56:30] $cat.cex
INFO [2025-04-02 13:56:30] [1] 1.3
INFO [2025-04-02 13:56:30] 
INFO [2025-04-02 13:56:30] $cat.fontfamily
INFO [2025-04-02 13:56:30] [1] "serif"
INFO [2025-04-02 13:56:30] 
INFO [2025-04-02 13:56:30] $cat.default.pos
INFO [2025-04-02 13:56:30] [1] "outer"
INFO [2025-04-02 13:56:30] 
INFO [2025-04-02 13:56:30] $cat.pos
INFO [2025-04-02 13:56:30] c(-40, 40, -30, 30)
INFO [2025-04-02 13:56:30] 
INFO [2025-04-02 13:56:30] $cat.dist
INFO [2025-04-02 13:56:30] c(0.3, 0.3, 0.2, 0.2)
INFO [2025-04-02 13:56:30] 
INFO [2025-04-02 13:56:30] $cat.fontface
INFO [2025-04-02 13:56:30] [1] "bold"
INFO [2025-04-02 13:56:30] 
INFO [2025-04-02 13:56:30] $rotation.degree
INFO [2025-04-02 13:56:30] [1] 0
INFO [2025-04-02 13:56:30] 
INFO [2025-04-02 13:56:30] $margin
INFO [2025-04-02 13:56:30] [1] 0.2
INFO [2025-04-02 13:56:30] 
