INFO [2025-04-02 13:56:44] $x
INFO [2025-04-02 13:56:44] gene_lists
INFO [2025-04-02 13:56:44] 
INFO [2025-04-02 13:56:44] $category.names
INFO [2025-04-02 13:56:44] c("FIH KO 1Up Regulated", "FIH KO 1Down Regulated", "FIH KO 2Up Regulated", 
INFO [2025-04-02 13:56:44]     "FIH KO 2Down Regulated")
INFO [2025-04-02 13:56:44] 
INFO [2025-04-02 13:56:44] $filename
INFO [2025-04-02 13:56:44] NULL
INFO [2025-04-02 13:56:44] 
INFO [2025-04-02 13:56:44] $imagetype
INFO [2025-04-02 13:56:44] [1] "png"
INFO [2025-04-02 13:56:44] 
INFO [2025-04-02 13:56:44] $height
INFO [2025-04-02 13:56:44] [1] 750
INFO [2025-04-02 13:56:44] 
INFO [2025-04-02 13:56:44] $width
INFO [2025-04-02 13:56:44] [1] 750
INFO [2025-04-02 13:56:44] 
INFO [2025-04-02 13:56:44] $resolution
INFO [2025-04-02 13:56:44] [1] 300
INFO [2025-04-02 13:56:44] 
INFO [2025-04-02 13:56:44] $compression
INFO [2025-04-02 13:56:44] [1] "lzw"
INFO [2025-04-02 13:56:44] 
INFO [2025-04-02 13:56:44] $lwd
INFO [2025-04-02 13:56:44] [1] 2
INFO [2025-04-02 13:56:44] 
INFO [2025-04-02 13:56:44] $col
INFO [2025-04-02 13:56:44] [1] "transparent"
INFO [2025-04-02 13:56:44] 
INFO [2025-04-02 13:56:44] $fill
INFO [2025-04-02 13:56:44] c("#F8766D", "#00BA38", "#619CFF", "purple4")
INFO [2025-04-02 13:56:44] 
INFO [2025-04-02 13:56:44] $alpha
INFO [2025-04-02 13:56:44] [1] 0.5
INFO [2025-04-02 13:56:44] 
INFO [2025-04-02 13:56:44] $label.col
INFO [2025-04-02 13:56:44] [1] "darkblue"
INFO [2025-04-02 13:56:44] 
INFO [2025-04-02 13:56:44] $cex
INFO [2025-04-02 13:56:44] [1] 2
INFO [2025-04-02 13:56:44] 
INFO [2025-04-02 13:56:44] $fontfamily
INFO [2025-04-02 13:56:44] [1] "serif"
INFO [2025-04-02 13:56:44] 
INFO [2025-04-02 13:56:44] $fontface
INFO [2025-04-02 13:56:44] [1] "bold"
INFO [2025-04-02 13:56:44] 
INFO [2025-04-02 13:56:44] $cat.col
INFO [2025-04-02 13:56:44] c("darkred", "darkgreen", "darkblue", "purple4")
INFO [2025-04-02 13:56:44] 
INFO [2025-04-02 13:56:44] $cat.cex
INFO [2025-04-02 13:56:44] [1] 1.3
INFO [2025-04-02 13:56:44] 
INFO [2025-04-02 13:56:44] $cat.fontfamily
INFO [2025-04-02 13:56:44] [1] "serif"
INFO [2025-04-02 13:56:44] 
INFO [2025-04-02 13:56:44] $cat.default.pos
INFO [2025-04-02 13:56:44] [1] "outer"
INFO [2025-04-02 13:56:44] 
INFO [2025-04-02 13:56:44] $cat.pos
INFO [2025-04-02 13:56:44] c(-40, 40, -30, 30)
INFO [2025-04-02 13:56:44] 
INFO [2025-04-02 13:56:44] $cat.dist
INFO [2025-04-02 13:56:44] c(0.3, 0.3, 0.2, 0.2)
INFO [2025-04-02 13:56:44] 
INFO [2025-04-02 13:56:44] $cat.fontface
INFO [2025-04-02 13:56:44] [1] "bold"
INFO [2025-04-02 13:56:44] 
INFO [2025-04-02 13:56:44] $rotation.degree
INFO [2025-04-02 13:56:44] [1] 0
INFO [2025-04-02 13:56:44] 
INFO [2025-04-02 13:56:44] $margin
INFO [2025-04-02 13:56:44] [1] 0.2
INFO [2025-04-02 13:56:44] 
