INFO [2025-05-10 11:53:12] $x
INFO [2025-05-10 11:53:12] gene_lists
INFO [2025-05-10 11:53:12] 
INFO [2025-05-10 11:53:12] $category.names
INFO [2025-05-10 11:53:12] c("KO22 Upregulated", "KO22 Downregulated", "KO23 Upregulated", 
INFO [2025-05-10 11:53:12]     "KO23 Downregulated")
INFO [2025-05-10 11:53:12] 
INFO [2025-05-10 11:53:12] $filename
INFO [2025-05-10 11:53:12] NULL
INFO [2025-05-10 11:53:12] 
INFO [2025-05-10 11:53:12] $imagetype
INFO [2025-05-10 11:53:12] [1] "jpg"
INFO [2025-05-10 11:53:12] 
INFO [2025-05-10 11:53:12] $height
INFO [2025-05-10 11:53:12] [1] 750
INFO [2025-05-10 11:53:12] 
INFO [2025-05-10 11:53:12] $width
INFO [2025-05-10 11:53:12] [1] 750
INFO [2025-05-10 11:53:12] 
INFO [2025-05-10 11:53:12] $resolution
INFO [2025-05-10 11:53:12] [1] 300
INFO [2025-05-10 11:53:12] 
INFO [2025-05-10 11:53:12] $compression
INFO [2025-05-10 11:53:12] [1] "lzw"
INFO [2025-05-10 11:53:12] 
INFO [2025-05-10 11:53:12] $lwd
INFO [2025-05-10 11:53:12] [1] 2
INFO [2025-05-10 11:53:12] 
INFO [2025-05-10 11:53:12] $col
INFO [2025-05-10 11:53:12] [1] "transparent"
INFO [2025-05-10 11:53:12] 
INFO [2025-05-10 11:53:12] $fill
INFO [2025-05-10 11:53:12] c("#F8766D", "#00BA38", "#619CFF", "purple4")
INFO [2025-05-10 11:53:12] 
INFO [2025-05-10 11:53:12] $alpha
INFO [2025-05-10 11:53:12] [1] 0.5
INFO [2025-05-10 11:53:12] 
INFO [2025-05-10 11:53:12] $label.col
INFO [2025-05-10 11:53:12] [1] "darkblue"
INFO [2025-05-10 11:53:12] 
INFO [2025-05-10 11:53:12] $cex
INFO [2025-05-10 11:53:12] [1] 2
INFO [2025-05-10 11:53:12] 
INFO [2025-05-10 11:53:12] $fontfamily
INFO [2025-05-10 11:53:12] [1] "Arial"
INFO [2025-05-10 11:53:12] 
INFO [2025-05-10 11:53:12] $fontface
INFO [2025-05-10 11:53:12] [1] "bold"
INFO [2025-05-10 11:53:12] 
INFO [2025-05-10 11:53:12] $cat.col
INFO [2025-05-10 11:53:12] c("darkred", "darkgreen", "darkblue", "purple4")
INFO [2025-05-10 11:53:12] 
INFO [2025-05-10 11:53:12] $cat.cex
INFO [2025-05-10 11:53:12] [1] 1.3
INFO [2025-05-10 11:53:12] 
INFO [2025-05-10 11:53:12] $cat.fontfamily
INFO [2025-05-10 11:53:12] [1] "Arial"
INFO [2025-05-10 11:53:12] 
INFO [2025-05-10 11:53:12] $cat.default.pos
INFO [2025-05-10 11:53:12] [1] "outer"
INFO [2025-05-10 11:53:12] 
INFO [2025-05-10 11:53:12] $cat.pos
INFO [2025-05-10 11:53:12] c(-40, 40, -30, 30)
INFO [2025-05-10 11:53:12] 
INFO [2025-05-10 11:53:12] $cat.dist
INFO [2025-05-10 11:53:12] c(0.3, 0.3, 0.2, 0.2)
INFO [2025-05-10 11:53:12] 
INFO [2025-05-10 11:53:12] $cat.fontface
INFO [2025-05-10 11:53:12] [1] "bold"
INFO [2025-05-10 11:53:12] 
INFO [2025-05-10 11:53:12] $rotation.degree
INFO [2025-05-10 11:53:12] [1] 0
INFO [2025-05-10 11:53:12] 
INFO [2025-05-10 11:53:12] $margin
INFO [2025-05-10 11:53:12] [1] 0.2
INFO [2025-05-10 11:53:12] 
