INFO [2025-04-01 12:48:13] $x
INFO [2025-04-01 12:48:13] list(KO22_vs_plenti = DEG_KO22, KO23_vs_plenti = DEG_KO23)
INFO [2025-04-01 12:48:13] 
INFO [2025-04-01 12:48:13] $category.names
INFO [2025-04-01 12:48:13] c("KO22 vs Plenti", "KO23 vs Plenti")
INFO [2025-04-01 12:48:13] 
INFO [2025-04-01 12:48:13] $filename
INFO [2025-04-01 12:48:13] NULL
INFO [2025-04-01 12:48:13] 
INFO [2025-04-01 12:48:13] $output
INFO [2025-04-01 12:48:13] [1] TRUE
INFO [2025-04-01 12:48:13] 
INFO [2025-04-01 12:48:13] $fill
INFO [2025-04-01 12:48:13] c("blue", "green")
INFO [2025-04-01 12:48:13] 
INFO [2025-04-01 12:48:13] $alpha
INFO [2025-04-01 12:48:13] [1] 0.5
INFO [2025-04-01 12:48:13] 
INFO [2025-04-01 12:48:13] $cex
INFO [2025-04-01 12:48:13] [1] 1.5
INFO [2025-04-01 12:48:13] 
INFO [2025-04-01 12:48:13] $fontface
INFO [2025-04-01 12:48:13] [1] "bold"
INFO [2025-04-01 12:48:13] 
INFO [2025-04-01 12:48:13] $cat.cex
INFO [2025-04-01 12:48:13] [1] 1.2
INFO [2025-04-01 12:48:13] 
INFO [2025-04-01 12:48:13] $cat.fontface
INFO [2025-04-01 12:48:13] [1] "bold"
INFO [2025-04-01 12:48:13] 
INFO [2025-04-01 12:48:13] $cat.col
INFO [2025-04-01 12:48:13] c("blue", "green")
INFO [2025-04-01 12:48:13] 
