INFO [2025-04-14 11:13:00] $x
INFO [2025-04-14 11:13:00] gene_lists
INFO [2025-04-14 11:13:00] 
INFO [2025-04-14 11:13:00] $category.names
INFO [2025-04-14 11:13:00] c("FIH KO 1Up Regulated", "FIH KO 1Down Regulated", "FIH KO 2Up Regulated", 
INFO [2025-04-14 11:13:00]     "FIH KO 2Down Regulated")
INFO [2025-04-14 11:13:00] 
INFO [2025-04-14 11:13:00] $filename
INFO [2025-04-14 11:13:00] NULL
INFO [2025-04-14 11:13:00] 
INFO [2025-04-14 11:13:00] $imagetype
INFO [2025-04-14 11:13:00] [1] "png"
INFO [2025-04-14 11:13:00] 
INFO [2025-04-14 11:13:00] $height
INFO [2025-04-14 11:13:00] [1] 750
INFO [2025-04-14 11:13:00] 
INFO [2025-04-14 11:13:00] $width
INFO [2025-04-14 11:13:00] [1] 750
INFO [2025-04-14 11:13:00] 
INFO [2025-04-14 11:13:00] $resolution
INFO [2025-04-14 11:13:00] [1] 300
INFO [2025-04-14 11:13:00] 
INFO [2025-04-14 11:13:00] $compression
INFO [2025-04-14 11:13:00] [1] "lzw"
INFO [2025-04-14 11:13:00] 
INFO [2025-04-14 11:13:00] $lwd
INFO [2025-04-14 11:13:00] [1] 2
INFO [2025-04-14 11:13:00] 
INFO [2025-04-14 11:13:00] $col
INFO [2025-04-14 11:13:00] [1] "transparent"
INFO [2025-04-14 11:13:00] 
INFO [2025-04-14 11:13:00] $fill
INFO [2025-04-14 11:13:00] c("#F8766D", "#00BA38", "#619CFF", "purple4")
INFO [2025-04-14 11:13:00] 
INFO [2025-04-14 11:13:00] $alpha
INFO [2025-04-14 11:13:00] [1] 0.5
INFO [2025-04-14 11:13:00] 
INFO [2025-04-14 11:13:00] $label.col
INFO [2025-04-14 11:13:00] [1] "darkblue"
INFO [2025-04-14 11:13:00] 
INFO [2025-04-14 11:13:00] $cex
INFO [2025-04-14 11:13:00] [1] 2
INFO [2025-04-14 11:13:00] 
INFO [2025-04-14 11:13:00] $fontfamily
INFO [2025-04-14 11:13:00] [1] "serif"
INFO [2025-04-14 11:13:00] 
INFO [2025-04-14 11:13:00] $fontface
INFO [2025-04-14 11:13:00] [1] "bold"
INFO [2025-04-14 11:13:00] 
INFO [2025-04-14 11:13:00] $cat.col
INFO [2025-04-14 11:13:00] c("darkred", "darkgreen", "darkblue", "purple4")
INFO [2025-04-14 11:13:00] 
INFO [2025-04-14 11:13:00] $cat.cex
INFO [2025-04-14 11:13:00] [1] 1.3
INFO [2025-04-14 11:13:00] 
INFO [2025-04-14 11:13:00] $cat.fontfamily
INFO [2025-04-14 11:13:00] [1] "serif"
INFO [2025-04-14 11:13:00] 
INFO [2025-04-14 11:13:00] $cat.default.pos
INFO [2025-04-14 11:13:00] [1] "outer"
INFO [2025-04-14 11:13:00] 
INFO [2025-04-14 11:13:00] $cat.pos
INFO [2025-04-14 11:13:00] c(-40, 40, -30, 30)
INFO [2025-04-14 11:13:00] 
INFO [2025-04-14 11:13:00] $cat.dist
INFO [2025-04-14 11:13:00] c(0.3, 0.3, 0.2, 0.2)
INFO [2025-04-14 11:13:00] 
INFO [2025-04-14 11:13:00] $cat.fontface
INFO [2025-04-14 11:13:00] [1] "bold"
INFO [2025-04-14 11:13:00] 
INFO [2025-04-14 11:13:00] $rotation.degree
INFO [2025-04-14 11:13:00] [1] 0
INFO [2025-04-14 11:13:00] 
INFO [2025-04-14 11:13:00] $margin
INFO [2025-04-14 11:13:00] [1] 0.2
INFO [2025-04-14 11:13:00] 
