INFO [2025-04-02 13:56:15] $x
INFO [2025-04-02 13:56:15] gene_lists
INFO [2025-04-02 13:56:15] 
INFO [2025-04-02 13:56:15] $category.names
INFO [2025-04-02 13:56:15] c("FIH KO 1Up Regulated", "FIH KO 1Down Regulated", "FIH KO 2Up Regulated", 
INFO [2025-04-02 13:56:15]     "FIH KO 2Down Regulated")
INFO [2025-04-02 13:56:15] 
INFO [2025-04-02 13:56:15] $filename
INFO [2025-04-02 13:56:15] NULL
INFO [2025-04-02 13:56:15] 
INFO [2025-04-02 13:56:15] $imagetype
INFO [2025-04-02 13:56:15] [1] "png"
INFO [2025-04-02 13:56:15] 
INFO [2025-04-02 13:56:15] $height
INFO [2025-04-02 13:56:15] [1] 750
INFO [2025-04-02 13:56:15] 
INFO [2025-04-02 13:56:15] $width
INFO [2025-04-02 13:56:15] [1] 750
INFO [2025-04-02 13:56:15] 
INFO [2025-04-02 13:56:15] $resolution
INFO [2025-04-02 13:56:15] [1] 300
INFO [2025-04-02 13:56:15] 
INFO [2025-04-02 13:56:15] $compression
INFO [2025-04-02 13:56:15] [1] "lzw"
INFO [2025-04-02 13:56:15] 
INFO [2025-04-02 13:56:15] $lwd
INFO [2025-04-02 13:56:15] [1] 2
INFO [2025-04-02 13:56:15] 
INFO [2025-04-02 13:56:15] $col
INFO [2025-04-02 13:56:15] [1] "transparent"
INFO [2025-04-02 13:56:15] 
INFO [2025-04-02 13:56:15] $fill
INFO [2025-04-02 13:56:15] c("#F8766D", "#00BA38", "#619CFF", "purple4")
INFO [2025-04-02 13:56:15] 
INFO [2025-04-02 13:56:15] $alpha
INFO [2025-04-02 13:56:15] [1] 0.5
INFO [2025-04-02 13:56:15] 
INFO [2025-04-02 13:56:15] $label.col
INFO [2025-04-02 13:56:15] [1] "darkblue"
INFO [2025-04-02 13:56:15] 
INFO [2025-04-02 13:56:15] $cex
INFO [2025-04-02 13:56:15] [1] 2
INFO [2025-04-02 13:56:15] 
INFO [2025-04-02 13:56:15] $fontfamily
INFO [2025-04-02 13:56:15] [1] "serif"
INFO [2025-04-02 13:56:15] 
INFO [2025-04-02 13:56:15] $fontface
INFO [2025-04-02 13:56:15] [1] "bold"
INFO [2025-04-02 13:56:15] 
INFO [2025-04-02 13:56:15] $cat.col
INFO [2025-04-02 13:56:15] c("darkred", "darkgreen", "darkblue", "purple4")
INFO [2025-04-02 13:56:15] 
INFO [2025-04-02 13:56:15] $cat.cex
INFO [2025-04-02 13:56:15] [1] 1.3
INFO [2025-04-02 13:56:15] 
INFO [2025-04-02 13:56:15] $cat.fontfamily
INFO [2025-04-02 13:56:15] [1] "serif"
INFO [2025-04-02 13:56:15] 
INFO [2025-04-02 13:56:15] $cat.default.pos
INFO [2025-04-02 13:56:15] [1] "outer"
INFO [2025-04-02 13:56:15] 
INFO [2025-04-02 13:56:15] $cat.pos
INFO [2025-04-02 13:56:15] c(-40, 40, -30, 30)
INFO [2025-04-02 13:56:15] 
INFO [2025-04-02 13:56:15] $cat.dist
INFO [2025-04-02 13:56:15] c(0.3, 0.3, 0.2, 0.2)
INFO [2025-04-02 13:56:15] 
INFO [2025-04-02 13:56:15] $cat.fontface
INFO [2025-04-02 13:56:15] [1] "bold"
INFO [2025-04-02 13:56:15] 
INFO [2025-04-02 13:56:15] $rotation.degree
INFO [2025-04-02 13:56:15] [1] 0
INFO [2025-04-02 13:56:15] 
INFO [2025-04-02 13:56:15] $margin
INFO [2025-04-02 13:56:15] [1] 0.2
INFO [2025-04-02 13:56:15] 
