INFO [2025-04-10 13:51:45] $x
INFO [2025-04-10 13:51:45] gene_lists
INFO [2025-04-10 13:51:45] 
INFO [2025-04-10 13:51:45] $category.names
INFO [2025-04-10 13:51:45] c("KO22 Upregulated", "KO22 Downregulated", "KO23 Upregulated", 
INFO [2025-04-10 13:51:45]     "KO23 Downregulated")
INFO [2025-04-10 13:51:45] 
INFO [2025-04-10 13:51:45] $filename
INFO [2025-04-10 13:51:45] NULL
INFO [2025-04-10 13:51:45] 
INFO [2025-04-10 13:51:45] $imagetype
INFO [2025-04-10 13:51:45] [1] "png"
INFO [2025-04-10 13:51:45] 
INFO [2025-04-10 13:51:45] $height
INFO [2025-04-10 13:51:45] [1] 750
INFO [2025-04-10 13:51:45] 
INFO [2025-04-10 13:51:45] $width
INFO [2025-04-10 13:51:45] [1] 750
INFO [2025-04-10 13:51:45] 
INFO [2025-04-10 13:51:45] $resolution
INFO [2025-04-10 13:51:45] [1] 300
INFO [2025-04-10 13:51:45] 
INFO [2025-04-10 13:51:45] $compression
INFO [2025-04-10 13:51:45] [1] "lzw"
INFO [2025-04-10 13:51:45] 
INFO [2025-04-10 13:51:45] $lwd
INFO [2025-04-10 13:51:45] [1] 2
INFO [2025-04-10 13:51:45] 
INFO [2025-04-10 13:51:45] $col
INFO [2025-04-10 13:51:45] [1] "transparent"
INFO [2025-04-10 13:51:45] 
INFO [2025-04-10 13:51:45] $fill
INFO [2025-04-10 13:51:45] c("#F8766D", "#00BA38", "#619CFF", "purple4")
INFO [2025-04-10 13:51:45] 
INFO [2025-04-10 13:51:45] $alpha
INFO [2025-04-10 13:51:45] [1] 0.5
INFO [2025-04-10 13:51:45] 
INFO [2025-04-10 13:51:45] $label.col
INFO [2025-04-10 13:51:45] [1] "darkblue"
INFO [2025-04-10 13:51:45] 
INFO [2025-04-10 13:51:45] $cex
INFO [2025-04-10 13:51:45] [1] 2
INFO [2025-04-10 13:51:45] 
INFO [2025-04-10 13:51:45] $fontfamily
INFO [2025-04-10 13:51:45] [1] "serif"
INFO [2025-04-10 13:51:45] 
INFO [2025-04-10 13:51:45] $fontface
INFO [2025-04-10 13:51:45] [1] "bold"
INFO [2025-04-10 13:51:45] 
INFO [2025-04-10 13:51:45] $cat.col
INFO [2025-04-10 13:51:45] c("darkred", "darkgreen", "darkblue", "purple4")
INFO [2025-04-10 13:51:45] 
INFO [2025-04-10 13:51:45] $cat.cex
INFO [2025-04-10 13:51:45] [1] 1.3
INFO [2025-04-10 13:51:45] 
INFO [2025-04-10 13:51:45] $cat.fontfamily
INFO [2025-04-10 13:51:45] [1] "serif"
INFO [2025-04-10 13:51:45] 
INFO [2025-04-10 13:51:45] $cat.default.pos
INFO [2025-04-10 13:51:45] [1] "outer"
INFO [2025-04-10 13:51:45] 
INFO [2025-04-10 13:51:45] $cat.pos
INFO [2025-04-10 13:51:45] c(-40, 40, -30, 30)
INFO [2025-04-10 13:51:45] 
INFO [2025-04-10 13:51:45] $cat.dist
INFO [2025-04-10 13:51:45] c(0.3, 0.3, 0.2, 0.2)
INFO [2025-04-10 13:51:45] 
INFO [2025-04-10 13:51:45] $cat.fontface
INFO [2025-04-10 13:51:45] [1] "bold"
INFO [2025-04-10 13:51:45] 
INFO [2025-04-10 13:51:45] $rotation.degree
INFO [2025-04-10 13:51:45] [1] 0
INFO [2025-04-10 13:51:45] 
INFO [2025-04-10 13:51:45] $margin
INFO [2025-04-10 13:51:45] [1] 0.2
INFO [2025-04-10 13:51:45] 
