INFO [2025-04-10 14:40:04] $x
INFO [2025-04-10 14:40:04] gene_lists
INFO [2025-04-10 14:40:04] 
INFO [2025-04-10 14:40:04] $category.names
INFO [2025-04-10 14:40:04] c("KO22 Upregulated", "KO22 Downregulated", "KO23 Upregulated", 
INFO [2025-04-10 14:40:04]     "KO23 Downregulated")
INFO [2025-04-10 14:40:04] 
INFO [2025-04-10 14:40:04] $filename
INFO [2025-04-10 14:40:04] NULL
INFO [2025-04-10 14:40:04] 
INFO [2025-04-10 14:40:04] $imagetype
INFO [2025-04-10 14:40:04] [1] "png"
INFO [2025-04-10 14:40:04] 
INFO [2025-04-10 14:40:04] $height
INFO [2025-04-10 14:40:04] [1] 750
INFO [2025-04-10 14:40:04] 
INFO [2025-04-10 14:40:04] $width
INFO [2025-04-10 14:40:04] [1] 750
INFO [2025-04-10 14:40:04] 
INFO [2025-04-10 14:40:04] $resolution
INFO [2025-04-10 14:40:04] [1] 300
INFO [2025-04-10 14:40:04] 
INFO [2025-04-10 14:40:04] $compression
INFO [2025-04-10 14:40:04] [1] "lzw"
INFO [2025-04-10 14:40:04] 
INFO [2025-04-10 14:40:04] $lwd
INFO [2025-04-10 14:40:04] [1] 2
INFO [2025-04-10 14:40:04] 
INFO [2025-04-10 14:40:04] $col
INFO [2025-04-10 14:40:04] [1] "transparent"
INFO [2025-04-10 14:40:04] 
INFO [2025-04-10 14:40:04] $fill
INFO [2025-04-10 14:40:04] c("#F8766D", "#00BA38", "#619CFF", "purple4")
INFO [2025-04-10 14:40:04] 
INFO [2025-04-10 14:40:04] $alpha
INFO [2025-04-10 14:40:04] [1] 0.5
INFO [2025-04-10 14:40:04] 
INFO [2025-04-10 14:40:04] $label.col
INFO [2025-04-10 14:40:04] [1] "darkblue"
INFO [2025-04-10 14:40:04] 
INFO [2025-04-10 14:40:04] $cex
INFO [2025-04-10 14:40:04] [1] 2
INFO [2025-04-10 14:40:04] 
INFO [2025-04-10 14:40:04] $fontfamily
INFO [2025-04-10 14:40:04] [1] "serif"
INFO [2025-04-10 14:40:04] 
INFO [2025-04-10 14:40:04] $fontface
INFO [2025-04-10 14:40:04] [1] "bold"
INFO [2025-04-10 14:40:04] 
INFO [2025-04-10 14:40:04] $cat.col
INFO [2025-04-10 14:40:04] c("darkred", "darkgreen", "darkblue", "purple4")
INFO [2025-04-10 14:40:04] 
INFO [2025-04-10 14:40:04] $cat.cex
INFO [2025-04-10 14:40:04] [1] 1.3
INFO [2025-04-10 14:40:04] 
INFO [2025-04-10 14:40:04] $cat.fontfamily
INFO [2025-04-10 14:40:04] [1] "serif"
INFO [2025-04-10 14:40:04] 
INFO [2025-04-10 14:40:04] $cat.default.pos
INFO [2025-04-10 14:40:04] [1] "outer"
INFO [2025-04-10 14:40:04] 
INFO [2025-04-10 14:40:04] $cat.pos
INFO [2025-04-10 14:40:04] c(-40, 40, -30, 30)
INFO [2025-04-10 14:40:04] 
INFO [2025-04-10 14:40:04] $cat.dist
INFO [2025-04-10 14:40:04] c(0.3, 0.3, 0.2, 0.2)
INFO [2025-04-10 14:40:04] 
INFO [2025-04-10 14:40:04] $cat.fontface
INFO [2025-04-10 14:40:04] [1] "bold"
INFO [2025-04-10 14:40:04] 
INFO [2025-04-10 14:40:04] $rotation.degree
INFO [2025-04-10 14:40:04] [1] 0
INFO [2025-04-10 14:40:04] 
INFO [2025-04-10 14:40:04] $margin
INFO [2025-04-10 14:40:04] [1] 0.2
INFO [2025-04-10 14:40:04] 
